<?xml version="1.0" encoding="UTF-8"?>
<!-- Generated by org.testng.reporters.JUnitXMLReporter -->
<testsuite ignored="0" hostname="DESKTOP-0J3EE46" failures="0" tests="3" name="Surefire test" time="49.9" errors="0" timestamp="2025-02-21T23:26:08 IST">
  <testcase classname="OrangeHRM.Tests.UserManagementTest" name="createEmployeeTest" time="9.805"/>
  <testcase classname="OrangeHRM.Tests.UserManagementTest" name="createEmployeeTest" time="7.273"/>
  <testcase classname="OrangeHRM.Tests.UserManagementTest" name="createAdminTest" time="14.898"/>
</testsuite> <!-- Surefire test -->
