<?xml version="1.0" encoding="UTF-8"?>
<!-- Generated by org.testng.reporters.JUnitXMLReporter -->
<testsuite ignored="0" hostname="DESKTOP-0J3EE46" failures="0" tests="3" name="Default test" time="49.708" errors="0" timestamp="2025-02-21T23:13:00 IST">
  <testcase classname="OrangeHRM.Tests.UserManagementTest" name="createEmployeeTest" time="9.055"/>
  <testcase classname="OrangeHRM.Tests.UserManagementTest" name="createEmployeeTest" time="8.14"/>
  <testcase classname="OrangeHRM.Tests.UserManagementTest" name="createAdminTest" time="14.857"/>
</testsuite> <!-- Default test -->
