<?xml version="1.0" encoding="UTF-8"?>
<!-- Generated by org.testng.reporters.JUnitXMLReporter -->
<testsuite ignored="0" hostname="DESKTOP-0J3EE46" failures="0" tests="3" name="Default test" time="50.868" errors="0" timestamp="2025-02-22T00:24:57 IST">
  <testcase classname="OrangeHRM.Tests.UserManagementTest" name="createEmployeeTest" time="9.407"/>
  <testcase classname="OrangeHRM.Tests.UserManagementTest" name="createEmployeeTest" time="8.094"/>
  <testcase classname="OrangeHRM.Tests.UserManagementTest" name="createAdminTest" time="14.436"/>
</testsuite> <!-- Default test -->
