<?xml version="1.0" encoding="UTF-8"?>
<!-- Generated by org.testng.reporters.JUnitXMLReporter -->
<testsuite ignored="0" hostname="DESKTOP-0J3EE46" failures="0" tests="3" name="Test" time="50.195" errors="0" timestamp="2025-02-21T23:27:20 IST">
  <testcase classname="OrangeHRM.Tests.UserManagementTest" name="createEmployeeTest" time="9.777"/>
  <testcase classname="OrangeHRM.Tests.UserManagementTest" name="createEmployeeTest" time="7.973"/>
  <testcase classname="OrangeHRM.Tests.UserManagementTest" name="createAdminTest" time="13.857"/>
</testsuite> <!-- Test -->
