<?xml version="1.0" encoding="UTF-8"?>
<!-- Generated by org.testng.reporters.JUnitXMLReporter -->
<testsuite ignored="0" hostname="DESKTOP-0J3EE46" failures="0" tests="3" name="Test" time="74.633" errors="0" timestamp="2025-02-17T16:33:05 IST">
  <testcase classname="OrangeHRM.Tests.AdminCreation" name="UserCreationTest" time="20.357"/>
  <testcase classname="OrangeHRM.Tests.AdminCreation" name="UserCreationTest" time="18.684"/>
  <testcase classname="OrangeHRM.Tests.AdminCreation" name="UserCreationTest" time="19.0"/>
</testsuite> <!-- Test -->
