<?xml version="1.0" encoding="UTF-8"?>
<testng-results ignored="0" total="3" passed="3" failed="0" skipped="0">
  <reporter-output>
  </reporter-output>
  <suite started-at="2025-02-17T16:31:50 IST" name="Suite" finished-at="2025-02-17T16:33:04 IST" duration-ms="74633">
    <groups>
      <group name="Purchase">
        <method signature="AdminCreation.UserCreationTest(java.util.HashMap)[pri:0, instance:OrangeHRM.Tests.AdminCreation@1040be71]" name="UserCreationTest" class="OrangeHRM.Tests.AdminCreation"/>
      </group> <!-- Purchase -->
    </groups>
    <test started-at="2025-02-17T16:31:50 IST" name="Test" finished-at="2025-02-17T16:33:04 IST" duration-ms="74633">
      <class name="OrangeHRM.Tests.AdminCreation">
        <test-method is-config="true" signature="setup()[pri:0, instance:OrangeHRM.Tests.AdminCreation@1040be71]" started-at="2025-02-17T16:31:50 IST" name="setup" finished-at="2025-02-17T16:31:56 IST" duration-ms="6153" status="PASS">
          <reporter-output>
          </reporter-output>
        </test-method> <!-- setup -->
        <test-method signature="UserCreationTest(java.util.HashMap)[pri:0, instance:OrangeHRM.Tests.AdminCreation@1040be71]" started-at="2025-02-17T16:31:56 IST" name="UserCreationTest" data-provider="getData" finished-at="2025-02-17T16:32:16 IST" duration-ms="20357" status="PASS">
          <params>
            <param index="0">
              <value>
                <![CDATA[{userName=John Michael Smith}]]>
              </value>
            </param>
          </params>
          <reporter-output>
          </reporter-output>
        </test-method> <!-- UserCreationTest -->
        <test-method is-config="true" signature="tearDown()[pri:0, instance:OrangeHRM.Tests.AdminCreation@1040be71]" started-at="2025-02-17T16:32:16 IST" name="tearDown" finished-at="2025-02-17T16:32:17 IST" duration-ms="242" status="PASS">
          <reporter-output>
          </reporter-output>
        </test-method> <!-- tearDown -->
        <test-method is-config="true" signature="setup()[pri:0, instance:OrangeHRM.Tests.AdminCreation@1040be71]" started-at="2025-02-17T16:32:17 IST" name="setup" finished-at="2025-02-17T16:32:21 IST" duration-ms="4812" status="PASS">
          <reporter-output>
          </reporter-output>
        </test-method> <!-- setup -->
        <test-method signature="UserCreationTest(java.util.HashMap)[pri:0, instance:OrangeHRM.Tests.AdminCreation@1040be71]" started-at="2025-02-17T16:32:21 IST" name="UserCreationTest" data-provider="getData" finished-at="2025-02-17T16:32:40 IST" duration-ms="18684" status="PASS">
          <params>
            <param index="0">
              <value>
                <![CDATA[{userName=Emily Rose Johnson}]]>
              </value>
            </param>
          </params>
          <reporter-output>
          </reporter-output>
        </test-method> <!-- UserCreationTest -->
        <test-method is-config="true" signature="tearDown()[pri:0, instance:OrangeHRM.Tests.AdminCreation@1040be71]" started-at="2025-02-17T16:32:40 IST" name="tearDown" finished-at="2025-02-17T16:32:40 IST" duration-ms="247" status="PASS">
          <reporter-output>
          </reporter-output>
        </test-method> <!-- tearDown -->
        <test-method is-config="true" signature="setup()[pri:0, instance:OrangeHRM.Tests.AdminCreation@1040be71]" started-at="2025-02-17T16:32:40 IST" name="setup" finished-at="2025-02-17T16:32:45 IST" duration-ms="4607" status="PASS">
          <reporter-output>
          </reporter-output>
        </test-method> <!-- setup -->
        <test-method signature="UserCreationTest(java.util.HashMap)[pri:0, instance:OrangeHRM.Tests.AdminCreation@1040be71]" started-at="2025-02-17T16:32:45 IST" name="UserCreationTest" data-provider="getData" finished-at="2025-02-17T16:33:04 IST" duration-ms="19000" status="PASS">
          <params>
            <param index="0">
              <value>
                <![CDATA[{userName=David Alexander Brown}]]>
              </value>
            </param>
          </params>
          <reporter-output>
          </reporter-output>
        </test-method> <!-- UserCreationTest -->
        <test-method is-config="true" signature="tearDown()[pri:0, instance:OrangeHRM.Tests.AdminCreation@1040be71]" started-at="2025-02-17T16:33:04 IST" name="tearDown" finished-at="2025-02-17T16:33:04 IST" duration-ms="248" status="PASS">
          <reporter-output>
          </reporter-output>
        </test-method> <!-- tearDown -->
      </class> <!-- OrangeHRM.Tests.AdminCreation -->
    </test> <!-- Test -->
  </suite> <!-- Suite -->
</testng-results>
