<?xml version="1.0" encoding="UTF-8"?>
<testng-results ignored="0" total="3" passed="3" failed="0" skipped="0">
  <reporter-output>
  </reporter-output>
  <suite started-at="2025-02-22T00:24:06 IST" name="Default suite" finished-at="2025-02-22T00:24:57 IST" duration-ms="50868">
    <groups>
      <group name="Purchase">
        <method signature="UserManagementTest.createEmployeeTest(java.lang.String,boolean,java.lang.String)[pri:0, instance:OrangeHRM.Tests.UserManagementTest@4c402120]" name="createEmployeeTest" class="OrangeHRM.Tests.UserManagementTest"/>
        <method signature="UserManagementTest.createAdminTest(java.lang.String,boolean,java.lang.String)[pri:0, instance:OrangeHRM.Tests.UserManagementTest@4c402120]" name="createAdminTest" class="OrangeHRM.Tests.UserManagementTest"/>
      </group> <!-- Purchase -->
    </groups>
    <test started-at="2025-02-22T00:24:06 IST" name="Default test" finished-at="2025-02-22T00:24:57 IST" duration-ms="50868">
      <class name="OrangeHRM.Tests.UserManagementTest">
        <test-method is-config="true" signature="setup()[pri:0, instance:OrangeHRM.Tests.UserManagementTest@4c402120]" started-at="2025-02-22T00:24:06 IST" name="setup" finished-at="2025-02-22T00:24:14 IST" duration-ms="7902" status="PASS">
          <reporter-output>
          </reporter-output>
        </test-method> <!-- setup -->
        <test-method signature="createEmployeeTest(java.lang.String,boolean,java.lang.String)[pri:0, instance:OrangeHRM.Tests.UserManagementTest@4c402120]" started-at="2025-02-22T00:24:14 IST" name="createEmployeeTest" data-provider="EmployeeData" finished-at="2025-02-22T00:24:24 IST" duration-ms="9407" status="PASS">
          <params>
            <param index="0">
              <value>
                <![CDATA[John Michael Smith]]>
              </value>
            </param>
            <param index="1">
              <value>
                <![CDATA[true]]>
              </value>
            </param>
            <param index="2">
              <value>
                <![CDATA[admin123]]>
              </value>
            </param>
          </params>
          <reporter-output>
          </reporter-output>
        </test-method> <!-- createEmployeeTest -->
        <test-method is-config="true" signature="tearDown()[pri:0, instance:OrangeHRM.Tests.UserManagementTest@4c402120]" started-at="2025-02-22T00:24:24 IST" name="tearDown" finished-at="2025-02-22T00:24:24 IST" duration-ms="242" status="PASS">
          <reporter-output>
          </reporter-output>
        </test-method> <!-- tearDown -->
        <test-method is-config="true" signature="setup()[pri:0, instance:OrangeHRM.Tests.UserManagementTest@4c402120]" started-at="2025-02-22T00:24:24 IST" name="setup" finished-at="2025-02-22T00:24:29 IST" duration-ms="5607" status="PASS">
          <reporter-output>
          </reporter-output>
        </test-method> <!-- setup -->
        <test-method signature="createEmployeeTest(java.lang.String,boolean,java.lang.String)[pri:0, instance:OrangeHRM.Tests.UserManagementTest@4c402120]" started-at="2025-02-22T00:24:29 IST" name="createEmployeeTest" data-provider="EmployeeData" finished-at="2025-02-22T00:24:38 IST" duration-ms="8094" status="PASS">
          <params>
            <param index="0">
              <value>
                <![CDATA[John Dustin Trudo]]>
              </value>
            </param>
            <param index="1">
              <value>
                <![CDATA[false]]>
              </value>
            </param>
            <param index="2">
              <value>
                <![CDATA[admin123]]>
              </value>
            </param>
          </params>
          <reporter-output>
          </reporter-output>
        </test-method> <!-- createEmployeeTest -->
        <test-method is-config="true" signature="tearDown()[pri:0, instance:OrangeHRM.Tests.UserManagementTest@4c402120]" started-at="2025-02-22T00:24:38 IST" name="tearDown" finished-at="2025-02-22T00:24:38 IST" duration-ms="207" status="PASS">
          <reporter-output>
          </reporter-output>
        </test-method> <!-- tearDown -->
        <test-method is-config="true" signature="setup()[pri:0, instance:OrangeHRM.Tests.UserManagementTest@4c402120]" started-at="2025-02-22T00:24:38 IST" name="setup" finished-at="2025-02-22T00:24:42 IST" duration-ms="4624" status="PASS">
          <reporter-output>
          </reporter-output>
        </test-method> <!-- setup -->
        <test-method signature="createAdminTest(java.lang.String,boolean,java.lang.String)[pri:0, instance:OrangeHRM.Tests.UserManagementTest@4c402120]" started-at="2025-02-22T00:24:42 IST" name="createAdminTest" data-provider="AdminData" finished-at="2025-02-22T00:24:57 IST" depends-on-methods="OrangeHRM.Tests.UserManagementTest.createEmployeeTest" duration-ms="14436" status="PASS">
          <params>
            <param index="0">
              <value>
                <![CDATA[John Dustin Trudo]]>
              </value>
            </param>
            <param index="1">
              <value>
                <![CDATA[false]]>
              </value>
            </param>
            <param index="2">
              <value>
                <![CDATA[admin123]]>
              </value>
            </param>
          </params>
          <reporter-output>
          </reporter-output>
        </test-method> <!-- createAdminTest -->
        <test-method is-config="true" signature="tearDown()[pri:0, instance:OrangeHRM.Tests.UserManagementTest@4c402120]" started-at="2025-02-22T00:24:57 IST" name="tearDown" finished-at="2025-02-22T00:24:57 IST" duration-ms="259" status="PASS">
          <reporter-output>
          </reporter-output>
        </test-method> <!-- tearDown -->
      </class> <!-- OrangeHRM.Tests.UserManagementTest -->
    </test> <!-- Default test -->
  </suite> <!-- Default suite -->
</testng-results>
