<?xml version="1.0" encoding="UTF-8"?>
<testng-results ignored="0" total="3" passed="3" failed="0" skipped="0">
  <reporter-output>
  </reporter-output>
  <suite started-at="2025-02-21T23:26:30 IST" name="Suite" finished-at="2025-02-21T23:27:20 IST" duration-ms="50195">
    <groups>
      <group name="Purchase">
        <method signature="UserManagementTest.createEmployeeTest(java.lang.String,boolean,java.lang.String)[pri:0, instance:OrangeHRM.Tests.UserManagementTest@565f390]" name="createEmployeeTest" class="OrangeHRM.Tests.UserManagementTest"/>
        <method signature="UserManagementTest.createAdminTest(java.lang.String,boolean,java.lang.String)[pri:0, instance:OrangeHRM.Tests.UserManagementTest@565f390]" name="createAdminTest" class="OrangeHRM.Tests.UserManagementTest"/>
      </group> <!-- Purchase -->
    </groups>
    <test started-at="2025-02-21T23:26:30 IST" name="Test" finished-at="2025-02-21T23:27:20 IST" duration-ms="50195">
      <class name="OrangeHRM.Tests.UserManagementTest">
        <test-method is-config="true" signature="setup()[pri:0, instance:OrangeHRM.Tests.UserManagementTest@565f390]" started-at="2025-02-21T23:26:30 IST" name="setup" finished-at="2025-02-21T23:26:36 IST" duration-ms="5907" status="PASS">
          <reporter-output>
          </reporter-output>
        </test-method> <!-- setup -->
        <test-method signature="createEmployeeTest(java.lang.String,boolean,java.lang.String)[pri:0, instance:OrangeHRM.Tests.UserManagementTest@565f390]" started-at="2025-02-21T23:26:36 IST" name="createEmployeeTest" data-provider="EmployeeData" finished-at="2025-02-21T23:26:46 IST" duration-ms="9777" status="PASS">
          <params>
            <param index="0">
              <value>
                <![CDATA[John Michael Smith]]>
              </value>
            </param>
            <param index="1">
              <value>
                <![CDATA[true]]>
              </value>
            </param>
            <param index="2">
              <value>
                <![CDATA[admin123]]>
              </value>
            </param>
          </params>
          <reporter-output>
          </reporter-output>
        </test-method> <!-- createEmployeeTest -->
        <test-method is-config="true" signature="tearDown()[pri:0, instance:OrangeHRM.Tests.UserManagementTest@565f390]" started-at="2025-02-21T23:26:46 IST" name="tearDown" finished-at="2025-02-21T23:26:46 IST" duration-ms="340" status="PASS">
          <reporter-output>
          </reporter-output>
        </test-method> <!-- tearDown -->
        <test-method is-config="true" signature="setup()[pri:0, instance:OrangeHRM.Tests.UserManagementTest@565f390]" started-at="2025-02-21T23:26:46 IST" name="setup" finished-at="2025-02-21T23:26:51 IST" duration-ms="5265" status="PASS">
          <reporter-output>
          </reporter-output>
        </test-method> <!-- setup -->
        <test-method signature="createEmployeeTest(java.lang.String,boolean,java.lang.String)[pri:0, instance:OrangeHRM.Tests.UserManagementTest@565f390]" started-at="2025-02-21T23:26:51 IST" name="createEmployeeTest" data-provider="EmployeeData" finished-at="2025-02-21T23:26:59 IST" duration-ms="7973" status="PASS">
          <params>
            <param index="0">
              <value>
                <![CDATA[John Dustin Trudo]]>
              </value>
            </param>
            <param index="1">
              <value>
                <![CDATA[false]]>
              </value>
            </param>
            <param index="2">
              <value>
                <![CDATA[admin123]]>
              </value>
            </param>
          </params>
          <reporter-output>
          </reporter-output>
        </test-method> <!-- createEmployeeTest -->
        <test-method is-config="true" signature="tearDown()[pri:0, instance:OrangeHRM.Tests.UserManagementTest@565f390]" started-at="2025-02-21T23:26:59 IST" name="tearDown" finished-at="2025-02-21T23:27:01 IST" duration-ms="1837" status="PASS">
          <reporter-output>
          </reporter-output>
        </test-method> <!-- tearDown -->
        <test-method is-config="true" signature="setup()[pri:0, instance:OrangeHRM.Tests.UserManagementTest@565f390]" started-at="2025-02-21T23:27:01 IST" name="setup" finished-at="2025-02-21T23:27:06 IST" duration-ms="4877" status="PASS">
          <reporter-output>
          </reporter-output>
        </test-method> <!-- setup -->
        <test-method signature="createAdminTest(java.lang.String,boolean,java.lang.String)[pri:0, instance:OrangeHRM.Tests.UserManagementTest@565f390]" started-at="2025-02-21T23:27:06 IST" name="createAdminTest" data-provider="AdminData" finished-at="2025-02-21T23:27:20 IST" depends-on-methods="OrangeHRM.Tests.UserManagementTest.createEmployeeTest" duration-ms="13857" status="PASS">
          <params>
            <param index="0">
              <value>
                <![CDATA[John Dustin Trudo]]>
              </value>
            </param>
            <param index="1">
              <value>
                <![CDATA[false]]>
              </value>
            </param>
            <param index="2">
              <value>
                <![CDATA[admin123]]>
              </value>
            </param>
          </params>
          <reporter-output>
          </reporter-output>
        </test-method> <!-- createAdminTest -->
        <test-method is-config="true" signature="tearDown()[pri:0, instance:OrangeHRM.Tests.UserManagementTest@565f390]" started-at="2025-02-21T23:27:20 IST" name="tearDown" finished-at="2025-02-21T23:27:20 IST" duration-ms="281" status="PASS">
          <reporter-output>
          </reporter-output>
        </test-method> <!-- tearDown -->
      </class> <!-- OrangeHRM.Tests.UserManagementTest -->
    </test> <!-- Test -->
  </suite> <!-- Suite -->
</testng-results>
